<?xml version="1.0" encoding="UTF-8"?>
<testsuite xmlns:xsi="http://www.w3.org/2001/XMLSchema-instance" xsi:noNamespaceSchemaLocation="https://maven.apache.org/surefire/maven-surefire-plugin/xsd/surefire-test-report.xsd" name="com.wuhao.web.test.HttpClientUtilsTest" time="0.704" tests="5" errors="0" skipped="0" failures="0">
  <properties>
    <property name="sun.desktop" value="windows"/>
    <property name="awt.toolkit" value="sun.awt.windows.WToolkit"/>
    <property name="file.encoding.pkg" value="sun.io"/>
    <property name="java.specification.version" value="1.8"/>
    <property name="sun.cpu.isalist" value="amd64"/>
    <property name="sun.jnu.encoding" value="GBK"/>
    <property name="java.class.path" value="C:\work\project\webinaction\target\test-classes;C:\work\project\webinaction\target\classes;C:\localRepository\javax\servlet\javax.servlet-api\3.1.0\javax.servlet-api-3.1.0.jar;C:\localRepository\javax\servlet\jsp\jsp-api\2.2\jsp-api-2.2.jar;C:\localRepository\org\apache\tomcat\embed\tomcat-embed-core\8.5.39\tomcat-embed-core-8.5.39.jar;C:\localRepository\org\apache\tomcat\tomcat-annotations-api\8.5.39\tomcat-annotations-api-8.5.39.jar;C:\localRepository\org\apache\tomcat\embed\tomcat-embed-el\8.5.39\tomcat-embed-el-8.5.39.jar;C:\localRepository\org\apache\tomcat\embed\tomcat-embed-jasper\8.5.39\tomcat-embed-jasper-8.5.39.jar;C:\localRepository\org\eclipse\jdt\ecj\3.12.3\ecj-3.12.3.jar;C:\localRepository\org\apache\httpcomponents\httpclient\4.5.5\httpclient-4.5.5.jar;C:\localRepository\org\apache\httpcomponents\httpcore\4.4.9\httpcore-4.4.9.jar;C:\localRepository\commons-logging\commons-logging\1.2\commons-logging-1.2.jar;C:\localRepository\commons-codec\commons-codec\1.10\commons-codec-1.10.jar;C:\localRepository\junit\junit\4.11\junit-4.11.jar;C:\localRepository\org\hamcrest\hamcrest-core\1.3\hamcrest-core-1.3.jar;"/>
    <property name="java.vm.vendor" value="Oracle Corporation"/>
    <property name="sun.arch.data.model" value="64"/>
    <property name="user.variant" value=""/>
    <property name="java.vendor.url" value="http://java.oracle.com/"/>
    <property name="user.timezone" value="Asia/Shanghai"/>
    <property name="java.vm.specification.version" value="1.8"/>
    <property name="os.name" value="Windows 10"/>
    <property name="user.country" value="CN"/>
    <property name="sun.java.launcher" value="SUN_STANDARD"/>
    <property name="sun.boot.library.path" value="C:\Program Files\Java\jdk1.8.0_131\jre\bin"/>
    <property name="sun.java.command" value="C:\Users\xiao\AppData\Local\Temp\surefire2027513771966504454\surefirebooter8523312823905865027.jar C:\Users\xiao\AppData\Local\Temp\surefire2027513771966504454 2019-04-26T13-31-37_261-jvmRun1 surefire2154913825401204448tmp surefire_07145030213303126821tmp"/>
    <property name="surefire.test.class.path" value="C:\work\project\webinaction\target\test-classes;C:\work\project\webinaction\target\classes;C:\localRepository\javax\servlet\javax.servlet-api\3.1.0\javax.servlet-api-3.1.0.jar;C:\localRepository\javax\servlet\jsp\jsp-api\2.2\jsp-api-2.2.jar;C:\localRepository\org\apache\tomcat\embed\tomcat-embed-core\8.5.39\tomcat-embed-core-8.5.39.jar;C:\localRepository\org\apache\tomcat\tomcat-annotations-api\8.5.39\tomcat-annotations-api-8.5.39.jar;C:\localRepository\org\apache\tomcat\embed\tomcat-embed-el\8.5.39\tomcat-embed-el-8.5.39.jar;C:\localRepository\org\apache\tomcat\embed\tomcat-embed-jasper\8.5.39\tomcat-embed-jasper-8.5.39.jar;C:\localRepository\org\eclipse\jdt\ecj\3.12.3\ecj-3.12.3.jar;C:\localRepository\org\apache\httpcomponents\httpclient\4.5.5\httpclient-4.5.5.jar;C:\localRepository\org\apache\httpcomponents\httpcore\4.4.9\httpcore-4.4.9.jar;C:\localRepository\commons-logging\commons-logging\1.2\commons-logging-1.2.jar;C:\localRepository\commons-codec\commons-codec\1.10\commons-codec-1.10.jar;C:\localRepository\junit\junit\4.11\junit-4.11.jar;C:\localRepository\org\hamcrest\hamcrest-core\1.3\hamcrest-core-1.3.jar;"/>
    <property name="sun.cpu.endian" value="little"/>
    <property name="user.home" value="C:\Users\xiao"/>
    <property name="user.language" value="zh"/>
    <property name="java.specification.vendor" value="Oracle Corporation"/>
    <property name="java.home" value="C:\Program Files\Java\jdk1.8.0_131\jre"/>
    <property name="basedir" value="C:\work\project\webinaction"/>
    <property name="file.separator" value="\"/>
    <property name="line.separator" value="&#10;"/>
    <property name="java.vm.specification.vendor" value="Oracle Corporation"/>
    <property name="java.specification.name" value="Java Platform API Specification"/>
    <property name="java.awt.graphicsenv" value="sun.awt.Win32GraphicsEnvironment"/>
    <property name="surefire.real.class.path" value="C:\Users\xiao\AppData\Local\Temp\surefire2027513771966504454\surefirebooter8523312823905865027.jar"/>
    <property name="sun.boot.class.path" value="C:\Program Files\Java\jdk1.8.0_131\jre\lib\resources.jar;C:\Program Files\Java\jdk1.8.0_131\jre\lib\rt.jar;C:\Program Files\Java\jdk1.8.0_131\jre\lib\sunrsasign.jar;C:\Program Files\Java\jdk1.8.0_131\jre\lib\jsse.jar;C:\Program Files\Java\jdk1.8.0_131\jre\lib\jce.jar;C:\Program Files\Java\jdk1.8.0_131\jre\lib\charsets.jar;C:\Program Files\Java\jdk1.8.0_131\jre\lib\jfr.jar;C:\Program Files\Java\jdk1.8.0_131\jre\classes"/>
    <property name="user.script" value=""/>
    <property name="sun.management.compiler" value="HotSpot 64-Bit Tiered Compilers"/>
    <property name="java.runtime.version" value="1.8.0_131-b11"/>
    <property name="user.name" value="xiao"/>
    <property name="path.separator" value=";"/>
    <property name="os.version" value="10.0"/>
    <property name="java.endorsed.dirs" value="C:\Program Files\Java\jdk1.8.0_131\jre\lib\endorsed"/>
    <property name="java.runtime.name" value="Java(TM) SE Runtime Environment"/>
    <property name="file.encoding" value="GBK"/>
    <property name="java.vm.name" value="Java HotSpot(TM) 64-Bit Server VM"/>
    <property name="localRepository" value="C:\localRepository"/>
    <property name="java.vendor.url.bug" value="http://bugreport.sun.com/bugreport/"/>
    <property name="java.io.tmpdir" value="C:\Users\xiao\AppData\Local\Temp\"/>
    <property name="idea.version" value="2018.3.2"/>
    <property name="java.version" value="1.8.0_131"/>
    <property name="user.dir" value="C:\work\project\webinaction"/>
    <property name="os.arch" value="amd64"/>
    <property name="java.vm.specification.name" value="Java Virtual Machine Specification"/>
    <property name="java.awt.printerjob" value="sun.awt.windows.WPrinterJob"/>
    <property name="sun.os.patch.level" value=""/>
    <property name="java.library.path" value="C:\Program Files\Java\jdk1.8.0_131\jre\bin;C:\Windows\Sun\Java\bin;C:\Windows\system32;C:\Windows;C:\ProgramData\Oracle\Java\javapath;C:\Windows\system32;C:\Windows;C:\Windows\System32\Wbem;C:\Windows\System32\WindowsPowerShell\v1.0\;C:\Windows\System32\OpenSSH\;C:\Program Files (x86)\NVIDIA Corporation\PhysX\Common;C:\Program Files\TortoiseGit\bin;C:\Program Files\NVIDIA Corporation\NVIDIA NvDLISR;C:\Program Files\Git\cmd;C:\Program Files\Java\jdk1.8.0_131\bin;C:\work\tool\apache-maven-3.6.0\bin;%CATALINA_HOME%\bin;%CATALINA_HOME%\lib;C:\work\tool\apache-ant-1.10.5-bin\apache-ant-1.10.5\bin;C:\Users\xiao\AppData\Local\Microsoft\WindowsApps;;C:\Program Files\JetBrains\IntelliJ IDEA 2019.1\bin;;."/>
    <property name="java.vm.info" value="mixed mode"/>
    <property name="java.vendor" value="Oracle Corporation"/>
    <property name="java.vm.version" value="25.131-b11"/>
    <property name="java.ext.dirs" value="C:\Program Files\Java\jdk1.8.0_131\jre\lib\ext;C:\Windows\Sun\Java\lib\ext"/>
    <property name="sun.io.unicode.encoding" value="UnicodeLittle"/>
    <property name="java.class.version" value="52.0"/>
  </properties>
  <testcase name="testGet" classname="com.wuhao.web.test.HttpClientUtilsTest" time="0.628"/>
  <testcase name="testPost" classname="com.wuhao.web.test.HttpClientUtilsTest" time="0.015"/>
  <testcase name="testCompressEntityReqAndRep" classname="com.wuhao.web.test.HttpClientUtilsTest" time="0.015"/>
  <testcase name="testPostWithParam" classname="com.wuhao.web.test.HttpClientUtilsTest" time="0.006"/>
  <testcase name="testGetWithParam" classname="com.wuhao.web.test.HttpClientUtilsTest" time="0.008"/>
</testsuite>